<?xml version="1.0" encoding="UTF-8"?>
<!-- Generated by org.testng.reporters.JUnitReportReporter -->
<testsuite skipped="0" hostname="MyComputer" name="test.LoginTest" tests="1" failures="0" timestamp="28 Oct 2022 15:32:28 GMT" time="7.901" errors="0">
  <testcase name="validUserShouldBeAbleToLogin" time="7.901" classname="test.LoginTest"/>
</testsuite> <!-- test.LoginTest -->
